"../../../../../Users/Doria/Documents/Unreal Projects/ProjectOrion/Content/Systems/PuzzleFeatures.uasset" 0
"../../../../../Users/Doria/Documents/Unreal Projects/ProjectOrion/Content/Debug/DEBUGTEST_levelAnimation_Blueprint.uasset" 1
"../../../../../Users/Doria/Documents/Unreal Projects/ProjectOrion/Content/DEBUGTEST_levelAnimation_Blueprint.uasset" 2
"../../../../../Users/Doria/Documents/Unreal Projects/ProjectOrion/Content/Systems/TEST_obstaclesInterface.uasset" 3
"../../../Engine/Content/BasicShapes/BasicShapeMaterial.uasset" 4
"../../../Engine/Content/EngineMaterials/T_Default_Material_Grid_N.uasset" 5
"../../../Engine/Content/EngineMaterials/T_Default_Material_Grid_M.uasset" 6
"../../../Engine/Content/Functions/Engine_MaterialFunctions01/Opacity/CameraDepthFade.uasset" 7
"../../../Engine/Content/EngineMaterials/WorldGridMaterial.uasset" 8
"../../../Engine/Content/BasicShapes/Cube.uasset" 9
"../../../../../Users/Doria/Documents/Unreal Projects/ProjectOrion/Content/Systems/System_obstacle.uasset" 10
"../../../../../Users/Doria/Documents/Unreal Projects/ProjectOrion/Content/Models/DebugNplaceholders/MasterCubeModel/MasterCube_Skeleton.uasset" 11
"../../../../../Users/Doria/Documents/Unreal Projects/ProjectOrion/Content/Models/DebugNplaceholders/MasterCubeModel/MasterCube_PhysicsAsset.uasset" 12
"../../../../../Users/Doria/Documents/Unreal Projects/ProjectOrion/Content/Models/DebugNplaceholders/MasterCubeModel/TexturesCom_Metal_WireFence__LightRust_1K_height.uasset" 13
"../../../../../Users/Doria/Documents/Unreal Projects/ProjectOrion/Content/Models/DebugNplaceholders/MasterCubeModel/TopCover.uasset" 14
"../../../../../Users/Doria/Documents/Unreal Projects/ProjectOrion/Content/Models/DebugNplaceholders/MasterCubeModel/SmallCover.uasset" 15
"../../../../../Users/Doria/Documents/Unreal Projects/ProjectOrion/Content/Models/DebugNplaceholders/MasterCubeModel/TexturesCom_Metal_BronzeBare_1K_metallic.uasset" 16
"../../../../../Users/Doria/Documents/Unreal Projects/ProjectOrion/Content/Models/DebugNplaceholders/MasterCubeModel/TexturesCom_Metal_BronzeBare_1K_albedo.uasset" 17
"../../../../../Users/Doria/Documents/Unreal Projects/ProjectOrion/Content/Models/DebugNplaceholders/MasterCubeModel/TexturesCom_Metal_BronzeBare_1K_normal.uasset" 18
"../../../../../Users/Doria/Documents/Unreal Projects/ProjectOrion/Content/Models/DebugNplaceholders/MasterCubeModel/CogMat.uasset" 19
"../../../../../Users/Doria/Documents/Unreal Projects/ProjectOrion/Content/Models/DebugNplaceholders/MasterCubeModel/BigCover.uasset" 20
"../../../../../Users/Doria/Documents/Unreal Projects/ProjectOrion/Content/Models/DebugNplaceholders/MasterCubeModel/TexturesCom_Plastic_CarbonFiber_1K_albedo.uasset" 21
"../../../../../Users/Doria/Documents/Unreal Projects/ProjectOrion/Content/Models/DebugNplaceholders/MasterCubeModel/BaseMaterial.uasset" 22
"../../../../../Users/Doria/Documents/Unreal Projects/ProjectOrion/Content/Models/DebugNplaceholders/MasterCubeModel/GlowParts.uasset" 23
"../../../../../Users/Doria/Documents/Unreal Projects/ProjectOrion/Content/Models/DebugNplaceholders/MasterCubeModel/MasterCube.uasset" 24
"../../../Engine/Content/EditorBlueprintResources/StandardMacros.uasset" 25
"../../../../../Users/Doria/Documents/Unreal Projects/ProjectOrion/Content/Systems/Devcube_ObstaclesGenerator.uasset" 26
"../../../../../Users/Doria/Documents/Unreal Projects/ProjectOrion/Content/Devcube_ObstaclesGenerator.uasset" 27
"../../../../../Users/Doria/Documents/Unreal Projects/ProjectOrion/Content/Blueprints/Miscs/SimpleSquareBakedLight.uasset" 28
"../../../../../Users/Doria/Documents/Unreal Projects/ProjectOrion/Content/SimpleSquareBakedLight.uasset" 29
"../../../../../Users/Doria/Documents/Unreal Projects/ProjectOrion/Content/Debug/debuggit3.uasset" 30
"../../../../../Users/Doria/Documents/Unreal Projects/ProjectOrion/Content/Debug/debugTestGit2.uasset" 31
"../../../../../Users/Doria/Documents/Unreal Projects/ProjectOrion/Content/Debug/DebugTest_Github.uasset" 32
"../../../../../Users/Doria/Documents/Unreal Projects/ProjectOrion/Content/Debug/DEBUGTEST_levelAnimation.uasset" 33
"../../../../../Users/Doria/Documents/Unreal Projects/ProjectOrion/Content/Debug/FINALGITtest.uasset" 34
"../../../../../Users/Doria/Documents/Unreal Projects/ProjectOrion/Content/Imports/InventoryItem.uasset" 35
"../../../../../Users/Doria/Documents/Unreal Projects/ProjectOrion/Content/Imports/separator.uasset" 36
"../../../../../Users/Doria/Documents/Unreal Projects/ProjectOrion/Content/Systems/UsetToGadgetsInterface.uasset" 37
"../../../../../Users/Doria/Documents/Unreal Projects/ProjectOrion/Content/Systems/SimpleInventory.uasset" 38
"../../../../../Users/Doria/Documents/Unreal Projects/ProjectOrion/Content/Imports/UserToObjectInterface.uasset" 39
"../../../../../Users/Doria/Documents/Unreal Projects/ProjectOrion/Content/Imports/crosshair.uasset" 40
"../../../../../Users/Doria/Documents/Unreal Projects/ProjectOrion/Content/UI/LightVignette.uasset" 41
"../../../../../Users/Doria/Documents/Unreal Projects/ProjectOrion/Content/Imports/HUD.uasset" 42
"../../../../../Users/Doria/Documents/Unreal Projects/ProjectOrion/Content/Systems/ResourcesMaxQuantity.uasset" 43
"../../../../../Users/Doria/Documents/Unreal Projects/ProjectOrion/Content/Imports/ThirdPersonBP/Blueprints/FirstPersonCharacterCustom.uasset" 44
"../../../../../Users/Doria/Documents/Unreal Projects/ProjectOrion/Content/Models/DebugNplaceholders/GadgetParentBP.uasset" 45
"../../../../../Users/Doria/Documents/Unreal Projects/ProjectOrion/Content/Models/DebugNplaceholders/GadgetInstanceTemplate.uasset" 46
"../../../../../Users/Doria/Documents/Unreal Projects/ProjectOrion/Content/Models/DebugNplaceholders/GunBlueprint.uasset" 47
"../../../../../Users/Doria/Documents/Unreal Projects/ProjectOrion/Content/Models/DebugNplaceholders/MasterCubeModel/MasterCubeAnimation.uasset" 48
"../../../../../Users/Doria/Documents/Unreal Projects/ProjectOrion/Content/Models/DebugNplaceholders/MasterCubeModel/TexturesCom_Plastic_CarbonFiber_1K_normal.uasset" 49
"../../../../../Users/Doria/Documents/Unreal Projects/ProjectOrion/Content/Scenes/LoadingDockModularSets/TexturedMaterials/Beam/TexturedMaterial_Height.uasset" 50
"../../../../../Users/Doria/Documents/Unreal Projects/ProjectOrion/Content/Scenes/LoadingDockModularSets/TexturedMaterials/Beam/TexturedMaterial_Normal.uasset" 51
"../../../../../Users/Doria/Documents/Unreal Projects/ProjectOrion/Content/Scenes/LoadingDockModularSets/TexturedMaterials/Ceiling/TexturedMaterial_Height.uasset" 52
"../../../../../Users/Doria/Documents/Unreal Projects/ProjectOrion/Content/Scenes/LoadingDockModularSets/TexturedMaterials/Ceiling/TexturedMaterial_Normal.uasset" 53
"../../../../../Users/Doria/Documents/Unreal Projects/ProjectOrion/Content/Scenes/LoadingDockModularSets/TexturedMaterials/DoorWallLeft1/TexturedMaterial_Height.uasset" 54
"../../../../../Users/Doria/Documents/Unreal Projects/ProjectOrion/Content/Scenes/LoadingDockModularSets/TexturedMaterials/DoorWallLeft1/TexturedMaterial_Normal.uasset" 55
"../../../../../Users/Doria/Documents/Unreal Projects/ProjectOrion/Content/Scenes/LoadingDockModularSets/TexturedMaterials/DoorWallLeft2/TexturedMaterial_Height.uasset" 56
"../../../../../Users/Doria/Documents/Unreal Projects/ProjectOrion/Content/Scenes/LoadingDockModularSets/TexturedMaterials/DoorWallLeft2/TexturedMaterial_Normal.uasset" 57
"../../../../../Users/Doria/Documents/Unreal Projects/ProjectOrion/Content/Scenes/LoadingDockModularSets/TexturedMaterials/DoorWallRight1/TexturedMaterial_Height.uasset" 58
"../../../../../Users/Doria/Documents/Unreal Projects/ProjectOrion/Content/Scenes/LoadingDockModularSets/TexturedMaterials/DoorWallRight1/TexturedMaterial_Normal.uasset" 59
"../../../../../Users/Doria/Documents/Unreal Projects/ProjectOrion/Content/Scenes/LoadingDockModularSets/TexturedMaterials/DoorWallRight2/TexturedMaterial_Height.uasset" 60
"../../../../../Users/Doria/Documents/Unreal Projects/ProjectOrion/Content/Scenes/LoadingDockModularSets/TexturedMaterials/DoorWallRight2/TexturedMaterial_Normal.uasset" 61
"../../../../../Users/Doria/Documents/Unreal Projects/ProjectOrion/Content/Scenes/LoadingDockModularSets/TexturedMaterials/Floor/TexturedMaterial_Height.uasset" 62
"../../../../../Users/Doria/Documents/Unreal Projects/ProjectOrion/Content/Scenes/LoadingDockModularSets/TexturedMaterials/Floor/TexturedMaterial_Normal.uasset" 63
"../../../../../Users/Doria/Documents/Unreal Projects/ProjectOrion/Content/Scenes/LoadingDockModularSets/TexturedMaterials/Light/TexturedMaterial_Height.uasset" 64
"../../../../../Users/Doria/Documents/Unreal Projects/ProjectOrion/Content/Scenes/LoadingDockModularSets/TexturedMaterials/Light/TexturedMaterial_Normal.uasset" 65
"../../../../../Users/Doria/Documents/Unreal Projects/ProjectOrion/Content/Scenes/LoadingDockModularSets/TexturedMaterials/PillarLeft/TexturedMaterial_Height.uasset" 66
"../../../../../Users/Doria/Documents/Unreal Projects/ProjectOrion/Content/Scenes/LoadingDockModularSets/TexturedMaterials/PillarLeft/TexturedMaterial_Normal.uasset" 67
"../../../../../Users/Doria/Documents/Unreal Projects/ProjectOrion/Content/Scenes/LoadingDockModularSets/TexturedMaterials/PillarRight/TexturedMaterial_Height.uasset" 68
"../../../../../Users/Doria/Documents/Unreal Projects/ProjectOrion/Content/Scenes/LoadingDockModularSets/TexturedMaterials/PillarRight/TexturedMaterial_Normal.uasset" 69
"../../../../../Users/Doria/Documents/Unreal Projects/ProjectOrion/Content/Scenes/LoadingDockModularSets/TexturedMaterials/WallLeft1/TexturedMaterial_Height.uasset" 70
"../../../../../Users/Doria/Documents/Unreal Projects/ProjectOrion/Content/Scenes/LoadingDockModularSets/TexturedMaterials/WallLeft1/TexturedMaterial_Normal.uasset" 71
"../../../../../Users/Doria/Documents/Unreal Projects/ProjectOrion/Content/Scenes/LoadingDockModularSets/TexturedMaterials/WallLeft2/TexturedMaterial_Height.uasset" 72
"../../../../../Users/Doria/Documents/Unreal Projects/ProjectOrion/Content/Scenes/LoadingDockModularSets/TexturedMaterials/WallLeft2/TexturedMaterial_Normal.uasset" 73
"../../../../../Users/Doria/Documents/Unreal Projects/ProjectOrion/Content/Scenes/LoadingDockModularSets/TexturedMaterials/WallRight1/TexturedMaterial_Height.uasset" 74
"../../../../../Users/Doria/Documents/Unreal Projects/ProjectOrion/Content/Scenes/LoadingDockModularSets/TexturedMaterials/WallRight1/TexturedMaterial_Normal.uasset" 75
"../../../../../Users/Doria/Documents/Unreal Projects/ProjectOrion/Content/Scenes/LoadingDockModularSets/TexturedMaterials/WallRight2/TexturedMaterial_Height.uasset" 76
"../../../../../Users/Doria/Documents/Unreal Projects/ProjectOrion/Content/Scenes/LoadingDockModularSets/TexturedMaterials/WallRight2/TexturedMaterial_Normal.uasset" 77
"../../../../../Users/Doria/Documents/Unreal Projects/ProjectOrion/Content/StarSphere/Materials/M_PlanetSurface.uasset" 78
"../../../../../Users/Doria/Documents/Unreal Projects/ProjectOrion/Content/StarSphere/Materials/MI_PlanetSurface.uasset" 79
"../../../../../Users/Doria/Documents/Unreal Projects/ProjectOrion/Content/StarSphere/Textures/Mobile/T_StarsPoints_Mobile.uasset" 80
"../../../../../Users/Doria/Documents/Unreal Projects/ProjectOrion/Content/StarSphere/Textures/Mobile/T_StarsBig_Mobile.uasset" 81
"../../../../../Users/Doria/Documents/Unreal Projects/ProjectOrion/Content/StarSphere/Textures/Mobile/T_Nebulas_Mobile.uasset" 82
"../../../../../Users/Doria/Documents/Unreal Projects/ProjectOrion/Content/StarSphere/Textures/Mobile/T_Sun_Mobile_D.uasset" 83
"../../../../../Users/Doria/Documents/Unreal Projects/ProjectOrion/Content/StarSphere/Textures/Mobile/T_Sun_Mobile_A.uasset" 84
"../../../../../Users/Doria/Documents/Unreal Projects/ProjectOrion/Content/StarSphere/Textures/T_Sun.uasset" 85
"../../../../../Users/Doria/Documents/Unreal Projects/ProjectOrion/Content/StarSphere/Materials/Mobile/MF_StarSphereDecal_Mobile.uasset" 86
"../../../../../Users/Doria/Documents/Unreal Projects/ProjectOrion/Content/StarSphere/Materials/Mobile/M_StarSphereDynamic_Mobile.uasset" 87
"../../../../../Users/Doria/Documents/Unreal Projects/ProjectOrion/Content/StarSphere/Materials/Mobile/MI_StarSphereDynamic_Mobile.uasset" 88
"../../../../../Users/Doria/Documents/Unreal Projects/ProjectOrion/Content/StarSphere/Textures/T_Earth.uasset" 89
"../../../../../Users/Doria/Documents/Unreal Projects/ProjectOrion/Content/StarSphere/Textures/Mobile/T_BlackHole_Mobile_A.uasset" 90
"../../../../../Users/Doria/Documents/Unreal Projects/ProjectOrion/Content/StarSphere/Textures/Mobile/T_BlackHole_Mobile_D.uasset" 91
"../../../../../Users/Doria/Documents/Unreal Projects/ProjectOrion/Content/StarSphere/Textures/Mobile/T_Earth_Mobile_A.uasset" 92
"../../../../../Users/Doria/Documents/Unreal Projects/ProjectOrion/Content/StarSphere/Textures/Mobile/T_Earth_Mobile_D.uasset" 93
"../../../../../Users/Doria/Documents/Unreal Projects/ProjectOrion/Content/StarSphere/Textures/Mobile/T_Saturn_Mobile_A.uasset" 94
"../../../../../Users/Doria/Documents/Unreal Projects/ProjectOrion/Content/StarSphere/Textures/Mobile/T_Saturn_Mobile_D.uasset" 95
"../../../Engine/Content/ArtTools/RenderToTexture/Meshes/S_1_Unit_Plane.uasset" 96
"../../../Engine/Content/EngineMaterials/DefaultMaterial.uasset" 97
"../../../Engine/Content/BasicShapes/Cone.uasset" 98
"../../../Engine/Content/EditorLandscapeResources/DataLayer.uasset" 99
"../../../Engine/Content/EditorLandscapeResources/DefaultAlphaTexture.uasset" 100
"../../../Engine/Content/EditorMaterials/MAT_Groups_Toggle.uasset" 101
"../../../Engine/Content/EditorMaterials/MAT_Groups_Visibility.uasset" 102
"../../../Engine/Content/EditorMaterials/PreviewShadowIndicator.uasset" 103
"../../../Engine/Content/EditorMaterials/PreviewShadowIndicatorMaterial.uasset" 104
"../../../Engine/Content/EditorMaterials/MatineeGroups/MAT_ColorTrack.uasset" 105
"../../../Engine/Content/EditorMaterials/MatineeGroups/MAT_Groups_Anim.uasset" 106
"../../../Engine/Content/EditorMaterials/MatineeGroups/MAT_Groups_AudioMaster.uasset" 107
"../../../Engine/Content/EditorMaterials/MatineeGroups/MAT_Groups_Director.uasset" 108
"../../../Engine/Content/EditorMaterials/MatineeGroups/MAT_Groups_Event.uasset" 109
"../../../Engine/Content/EditorMaterials/MatineeGroups/MAT_Groups_Fade.uasset" 110
"../../../Engine/Content/EditorMaterials/MatineeGroups/MAT_Groups_Float.uasset" 111
"../../../Engine/Content/EditorMaterials/MatineeGroups/MAT_Groups_Move.uasset" 112
"../../../Engine/Content/EditorMaterials/MatineeGroups/MAT_Groups_Slomo.uasset" 113
"../../../Engine/Content/EditorMaterials/MatineeGroups/MAT_Groups_Sound.uasset" 114
"../../../Engine/Content/EditorMaterials/MatineeGroups/MAT_Groups_Vector.uasset" 115
"../../../Engine/Content/EditorMaterials/ParticleSystems/PSysThumbnail_NoImage.uasset" 116
"../../../Engine/Content/EditorMaterials/ParticleSystems/PSysThumbnail_OOD.uasset" 117
"../../../Engine/Content/EditorMaterials/Camera/CineMat.uasset" 118
"../../../Engine/Content/EditorMaterials/Camera/MI_CineMat_Rig.uasset" 119
"../../../Engine/Content/EditorMeshes/Camera/SM_CraneRig_Arm.uasset" 120
"../../../Engine/Content/EditorMeshes/Camera/SM_CraneRig_Base.uasset" 121
"../../../Engine/Content/EditorMeshes/Camera/SM_CraneRig_Body.uasset" 122
"../../../Engine/Content/EditorMeshes/Camera/SM_CraneRig_Mount.uasset" 123
"../../../Engine/Content/EditorMeshes/Camera/SM_RailRig_Mount.uasset" 124
"../../../Engine/Content/EditorMeshes/Camera/SM_RailRig_Track.uasset" 125
"../../../Engine/Content/EditorResources/BSPVertex.uasset" 126
"../../../Engine/Content/EditorResources/EmptyActor.uasset" 127
"../../../Engine/Content/EditorResources/S_Actor.uasset" 128
"../../../Engine/Content/EditorResources/S_Note.uasset" 129
"../../../Engine/Content/EditorResources/S_Solver.uasset" 130
"../../../Engine/Content/EditorResources/S_Terrain.uasset" 131
"../../../Engine/Content/EditorResources/S_Trigger.uasset" 132
"../../../Engine/Content/EditorResources/LightIcons/S_LightError.uasset" 133
"../../../Engine/Content/EditorResources/SequenceRecorder/Countdown.uasset" 134
"../../../Engine/Content/EditorResources/SequenceRecorder/RecordingIndicator.uasset" 135
"../../../Engine/Content/EngineDamageTypes/DmgTypeBP_Environmental.uasset" 136
"../../../Engine/Content/EngineDebugMaterials/DebugEditorMaterial.uasset" 137
"../../../Engine/Content/EngineDebugMaterials/DebugMeshMaterial.uasset" 138
"../../../Engine/Content/EngineDebugMaterials/M_SimpleUnlitTranslucent.uasset" 139
"../../../Engine/Content/EngineDebugMaterials/VolumeToRender.uasset" 140
"../../../Engine/Content/Functions/Engine_MaterialFunctions02/Utility/CameraDirectionVector.uasset" 141
"../../../Engine/Content/EngineDebugMaterials/M_VolumeRenderSphereTracePP.uasset" 142
"../../../Engine/Content/Functions/Engine_MaterialFunctions01/Shading/ConvertFromDiffSpec.uasset" 143
"../../../Engine/Content/EngineDebugMaterials/VertexColorMaterial.uasset" 144
"../../../Engine/Content/EngineDebugMaterials/WireframeMaterial.uasset" 145
"../../../Engine/Content/EngineFonts/Faces/RobotoRegular.uasset" 146
"../../../Engine/Content/EngineFonts/Faces/RobotoLight.uasset" 147
"../../../Engine/Content/EngineFonts/Faces/RobotoItalic.uasset" 148
"../../../Engine/Content/EngineFonts/Faces/RobotoBoldItalic.uasset" 149
"../../../Engine/Content/EngineFonts/Faces/RobotoBold.uasset" 150
"../../../Engine/Content/EngineFonts/Faces/DroidSansFallback.uasset" 151
"../../../Engine/Content/EngineFonts/Roboto.uasset" 152
"../../../Engine/Content/EngineMaterials/BaseFlattenNormalMap.uasset" 153
"../../../Engine/Content/EngineMaterials/BaseFlattenGrayscaleMap.uasset" 154
"../../../Engine/Content/EngineMaterials/BaseFlattenEmissiveMap.uasset" 155
"../../../Engine/Content/EngineMaterials/BaseFlattenDiffuseMap.uasset" 156
"../../../Engine/Content/EngineMaterials/BaseFlattenMaterial.uasset" 157
"../../../Engine/Content/EngineMaterials/BlueNoise.uasset" 158
"../../../Engine/Content/EngineMaterials/DefaultBloomKernel.uasset" 159
"../../../Engine/Content/EngineMaterials/DefaultBokeh.uasset" 160
"../../../Engine/Content/EngineMaterials/DefaultDiffuse.uasset" 161
"../../../Engine/Content/EngineMaterials/DefaultDeferredDecalMaterial.uasset" 162
"../../../Engine/Content/EngineMaterials/DefaultLightFunctionMaterial.uasset" 163
"../../../Engine/Content/EngineMaterials/DefaultPhysicalMaterial.uasset" 164
"../../../Engine/Content/Functions/Engine_MaterialFunctions02/Utility/BreakOutFloat2Components.uasset" 165
"../../../Engine/Content/EngineMaterials/DefaultPostProcessMaterial.uasset" 166
"../../../Engine/Content/EngineFonts/RobotoDistanceField.uasset" 167
"../../../Engine/Content/EngineMaterials/DefaultTextMaterialOpaque.uasset" 168
"../../../Engine/Content/EngineMaterials/DefaultWhiteGrid.uasset" 169
"../../../Engine/Content/EngineMaterials/DefaultWhiteGrid_Low.uasset" 170
"../../../Engine/Content/EngineMaterials/EmissiveMeshMaterial.uasset" 171
"../../../Engine/Content/EngineMaterials/GizmoMaterial.uasset" 172
"../../../Engine/Content/EngineMaterials/Good64x64TilingNoiseHighFreq.uasset" 173
"../../../Engine/Content/EngineMaterials/MiniFont.uasset" 174
"../../../Engine/Content/EngineMaterials/InvalidLightmapSettings.uasset" 175
"../../../Engine/Content/EngineMaterials/M_InvalidLightmapSettings.uasset" 176
"../../../Engine/Content/Functions/Engine_MaterialFunctions02/WorldPositionOffset/CameraOffset.uasset" 177
"../../../Engine/Content/EngineMaterials/PhAT_JointLimitMaterial.uasset" 178
"../../../Engine/Content/EngineMaterials/PreintegratedSkinBRDF.uasset" 179
"../../../Engine/Content/EngineMaterials/RemoveSurfaceMaterial.uasset" 180
"../../../Engine/Content/EngineMaterials/WeightMapPlaceholderTexture.uasset" 181
"../../../Engine/Content/EngineResources/WhiteSquareTexture.uasset" 182
"../../../Engine/Content/EngineMaterials/Widget3DPassThrough.uasset" 183
"../../../Engine/Content/EngineMaterials/Widget3DPassThrough_Masked.uasset" 184
"../../../Engine/Content/EngineMaterials/Widget3DPassThrough_Opaque.uasset" 185
"../../../Engine/Content/EngineMaterials/Widget3DPassThrough_Masked_OneSided.uasset" 186
"../../../Engine/Content/EngineMaterials/Widget3DPassThrough_Opaque_OneSided.uasset" 187
"../../../Engine/Content/EngineMaterials/Widget3DPassThrough_Translucent.uasset" 188
"../../../Engine/Content/EngineMaterials/Widget3DPassThrough_Translucent_OneSided.uasset" 189
"../../../Engine/Content/EngineMeshes/Cylinder.uasset" 190
"../../../Engine/Content/EngineMeshes/Sphere.uasset" 191
"../../../Engine/Content/EngineResources/Black.uasset" 192
"../../../Engine/Content/EngineResources/DefaultTextureCube.uasset" 193
"../../../Engine/Content/EngineResources/DefaultVolumeTexture2D.uasset" 194
"../../../Engine/Content/EngineResources/DefaultVolumeTexture.uasset" 195
"../../../Engine/Content/EngineResources/GradientTexture0.uasset" 196
"../../../Engine/Content/EngineSky/VolumetricClouds/T_NoiseShape64.uasset" 197
"../../../Engine/Content/EngineSky/VolumetricClouds/T_VolumeNoiseShape64.uasset" 198
"../../../Engine/Content/EngineSky/VolumetricClouds/T_NoiseErosion.uasset" 199
"../../../Engine/Content/EngineSky/VolumetricClouds/T_VolumeNoiseErosion32.uasset" 200
"../../../Engine/Content/EngineSky/VolumetricClouds/CloudWeatherTexture.uasset" 201
"../../../Engine/Content/EngineSky/VolumetricClouds/CloudGradientTexture.uasset" 202
"../../../Engine/Content/Functions/Engine_MaterialFunctions02/Utility/MakeFloat2.uasset" 203
"../../../Engine/Content/EngineSky/VolumetricClouds/m_SimpleVolumetricCloud.uasset" 204
"../../../Engine/Content/EngineSky/VolumetricClouds/m_SimpleVolumetricCloud_Inst.uasset" 205
"../../../Engine/Content/EngineSounds/Master.uasset" 206
"../../../Engine/Content/Functions/Engine_MaterialFunctions01/Shading/PowerToRoughness.uasset" 207
"../../../Engine/Content/Maps/Templates/Thumbnails/Default.uasset" 208
"../../../Engine/Content/Maps/Templates/Thumbnails/TimeOfDay.uasset" 209
"../../../Engine/Content/Maps/Templates/Thumbnails/VR-Basic.uasset" 210
"../../../Engine/Content/MobileResources/T_MobileControls_texture.uasset" 211
"../../../Engine/Content/MobileResources/T_MobileMenu2.uasset" 212
"../../../Engine/Content/MobileResources/HUD/AnalogHat.uasset" 213
"../../../Engine/Content/MobileResources/HUD/VirtualJoystick_Thumb.uasset" 214
"../../../Engine/Content/MobileResources/HUD/VirtualJoystick_Background.uasset" 215
"../../../Engine/Content/MobileResources/HUD/DefaultVirtualJoysticks.uasset" 216
"../../../Engine/Content/MobileResources/HUD/LeftVirtualJoystickOnly.uasset" 217
"../../../Engine/Content/MobileResources/HUD/MobileHUDButton1_off.uasset" 218
"../../../Engine/Content/MobileResources/HUD/MobileHUDButton1_on.uasset" 219
"../../../Engine/Content/MobileResources/HUD/MobileHUDButton2_off.uasset" 220
"../../../Engine/Content/MobileResources/HUD/MobileHUDButton2_on.uasset" 221
"../../../Engine/Content/MobileResources/HUD/MobileHUDButton3.uasset" 222
"../../../Engine/Content/MobileResources/HUD/MobileHUDButtonFire.uasset" 223
"../../../Engine/Content/MobileResources/HUD/MobileHUDDirectionPad.uasset" 224
"../../../Engine/Content/MobileResources/HUD/MobileHUDDirectionPad2.uasset" 225
"../../../Engine/Content/MobileResources/HUD/MobileHUDDirectionPad3.uasset" 226
"../../../Engine/Content/MobileResources/HUD/MobileHUDDirectionStick.uasset" 227
"../../../Engine/Content/MobileResources/HUD/T_Castle_ThumbstickInner.uasset" 228
"../../../Engine/Content/MobileResources/HUD/T_Castle_ThumbstickOutter.uasset" 229
"../../../Engine/Content/Tutorial/ContentIntroCurve.uasset" 230
"../../../Engine/Content/Tutorial/Basics/LevelEditorAttract.uasset" 231
"../../../Engine/Content/Tutorial/Basics/TutorialAssets/icon_tab_Levels_40x.uasset" 232
"../../../Engine/Content/Tutorial/Basics/LevelEditorOverview.uasset" 233
"../../../Engine/Content/VREditor/TransformGizmo/TranslucentTransformGizmoMaterial.uasset" 234
"../../../Engine/Content/VREditor/LaserPointer/VR_LaserPower_01.uasset" 235
"../../../Engine/Content/VREditor/TransformGizmo/TransformGizmoMaterial.uasset" 236
"../../../Engine/Content/VREditor/TransformGizmo/BoundingBoxCorner.uasset" 237
"../../../Engine/Content/VREditor/TransformGizmo/BoundingBoxEdge.uasset" 238
"../../../Engine/Content/VREditor/TransformGizmo/PlaneTranslationHandle.uasset" 239
"../../../Engine/Content/VREditor/TransformGizmo/Xray.uasset" 240
"../../../Engine/Content/VREditor/TransformGizmo/Main.uasset" 241
"../../../Engine/Content/VREditor/TransformGizmo/SM_Sequencer_Key.uasset" 242
"../../../Engine/Content/VREditor/TransformGizmo/SM_Sequencer_Node.uasset" 243
"../../Plugins/2D/Paper2D/Content/PlaceholderTextures/DummySpriteTexture.uasset" 244
"../../Plugins/2D/Paper2D/Content/DummySprite.uasset" 245
"../../Plugins/2D/Paper2D/Content/DefaultPaperTerrainMaterial.uasset" 246
"../../Plugins/2D/Paper2D/Content/DefaultSpriteMaterial.uasset" 247
"../../Plugins/2D/Paper2D/Content/MaskedUnlitSpriteMaterial.uasset" 248
"../../Plugins/2D/Paper2D/Content/OpaqueUnlitSpriteMaterial.uasset" 249
"../../../Engine/Content/Functions/Engine_MaterialFunctions02/Utility/BreakOutFloat3Components.uasset" 250
"../../Plugins/Editor/SpeedTreeImporter/Content/SpeedTree9/UnpackInteger3.uasset" 251
"../../Plugins/Editor/SpeedTreeImporter/Content/SpeedTree9/UnpackDirection.uasset" 252
"../../Plugins/Editor/SpeedTreeImporter/Content/SpeedTree9/game_wind_noise.uasset" 253
"../../../Engine/Content/Functions/Engine_MaterialFunctions02/SafeNormalize.uasset" 254
"../../Plugins/Editor/SpeedTreeImporter/Content/SpeedTree9/SpeedTreeWindMotion.uasset" 255
"../../Plugins/Editor/SpeedTreeImporter/Content/SpeedTree9/SpeedTreeBranchMotion.uasset" 256
"../../../Engine/Content/Functions/Engine_MaterialFunctions02/ObjectLocalBounds.uasset" 257
"../../../Engine/Content/Functions/Engine_MaterialFunctions02/UVs/BoundingBoxBased_0-1_UVW.uasset" 258
"../../Plugins/Editor/SpeedTreeImporter/Content/SpeedTree9/SpeedTreeWind.uasset" 259
"../../Plugins/Editor/SpeedTreeImporter/Content/SpeedTree9/SpeedTreeBillboard.uasset" 260
"../../../Engine/Content/EngineResources/DefaultTexture.uasset" 261
"../../Plugins/Editor/SpeedTreeImporter/Content/SpeedTree9/SpeedTreeBillboardMaster.uasset" 262
"../../Plugins/Editor/SpeedTreeImporter/Content/SpeedTree9/SpeedTreeCameraFacing.uasset" 263
"../../Plugins/Editor/SpeedTreeImporter/Content/SpeedTree9/SpeedTreeMaster.uasset" 264
"../../../Engine/Content/ArtTools/RenderToTexture/Materials/Debug/M_Emissive_Color.uasset" 265
"../../../Engine/Content/BasicShapes/Cylinder.uasset" 266
"../../Plugins/Lumin/MagicLeapPassableWorld/Content/MagicLeapARPinInfoActor.uasset" 267
"../../../Engine/Content/Functions/Engine_MaterialFunctions02/Utility/BreakOutFloat4Components.uasset" 268
"../../../Engine/Content/Functions/Engine_MaterialFunctions02/Utility/MakeFloat3.uasset" 269
"../../Plugins/Runtime/Oculus/OculusVR/Content/Materials/OculusMR_ChromaKey.uasset" 270
"../../Plugins/Runtime/Oculus/OculusVR/Content/Materials/OculusMR_OpaqueColoredMaterial.uasset" 271
"../../Plugins/Runtime/Oculus/OculusVR/Content/Materials/PokeAHoleMaterial.uasset" 272
"../../../Engine/Content/EngineSky/T_Sky_Stars.uasset" 273
"../../../Engine/Content/EngineSky/T_Sky_Clouds_M.uasset" 274
"../../../Engine/Content/EngineSky/T_Sky_Blue.uasset" 275
"../../../Engine/Content/EngineSky/M_Sky_Panning_Clouds2.uasset" 276
"../../../../../Users/Doria/Documents/Unreal Projects/ProjectOrion/Content/Scenes/DefaultScene_BuiltData.uasset" 277
"../../../Engine/Content/EngineSky/SM_SkySphere.uasset" 278
"../../../Engine/Content/EngineSky/C_Sky_Zenith_Color.uasset" 279
"../../../Engine/Content/EngineSky/C_Sky_Horizon_Color.uasset" 280
"../../../Engine/Content/EngineSky/C_Sky_Cloud_Color.uasset" 281
"../../../Engine/Content/EngineSky/BP_Sky_Sphere.uasset" 282
"../../../../../Users/Doria/Documents/Unreal Projects/ProjectOrion/Content/Scenes/DefaultScene.umap" 283
"../../../Engine/Content/MapTemplates/SM_Template_Map_Floor.uasset" 284
"../../../../../Users/Doria/Documents/Unreal Projects/ProjectOrion/Content/Scenes/EmptyLeveltemplate_BuiltData.uasset" 285
"../../../../../Users/Doria/Documents/Unreal Projects/ProjectOrion/Content/Scenes/EmptyLeveltemplate.umap" 286
"../../../../../Users/Doria/Documents/Unreal Projects/ProjectOrion/Content/Scenes/LoadingDockModularSets/Walls/WallRight2.uasset" 287
"../../../../../Users/Doria/Documents/Unreal Projects/ProjectOrion/Content/Scenes/LoadingDockModularSets/Walls/WallRight1.uasset" 288
"../../../../../Users/Doria/Documents/Unreal Projects/ProjectOrion/Content/Scenes/LoadingDockModularSets/Walls/WallLeft2.uasset" 289
"../../../../../Users/Doria/Documents/Unreal Projects/ProjectOrion/Content/Scenes/LoadingDockModularSets/Walls/WallLeft1.uasset" 290
"../../../../../Users/Doria/Documents/Unreal Projects/ProjectOrion/Content/Scenes/LoadingDockModularSets/SupportBeams/Beams.uasset" 291
"../../../../../Users/Doria/Documents/Unreal Projects/ProjectOrion/Content/Scenes/LoadingDockModularSets/Pillars/PillarRight.uasset" 292
"../../../../../Users/Doria/Documents/Unreal Projects/ProjectOrion/Content/Scenes/LoadingDockModularSets/Pillars/PillarLeft.uasset" 293
"../../../../../Users/Doria/Documents/Unreal Projects/ProjectOrion/Content/Scenes/LoadingDockModularSets/Floor/Floor.uasset" 294
"../../../../../Users/Doria/Documents/Unreal Projects/ProjectOrion/Content/Scenes/LoadingDockModularSets/CeilingLights/Light.uasset" 295
"../../../../../Users/Doria/Documents/Unreal Projects/ProjectOrion/Content/Scenes/LoadingDockModularSets/Ceiling/Ceiling.uasset" 296
"../../../../../Users/Doria/Documents/Unreal Projects/ProjectOrion/Content/Scenes/LoadingDockModularSets/TexturedMaterials/WallRight2/TexturedMaterial_Roughness.uasset" 297
"../../../../../Users/Doria/Documents/Unreal Projects/ProjectOrion/Content/Scenes/LoadingDockModularSets/TexturedMaterials/WallRight2/TexturedMaterial_Normal_DirectX.uasset" 298
"../../../../../Users/Doria/Documents/Unreal Projects/ProjectOrion/Content/Scenes/LoadingDockModularSets/TexturedMaterials/WallRight2/TexturedMaterial_Metallic.uasset" 299
"../../../../../Users/Doria/Documents/Unreal Projects/ProjectOrion/Content/Scenes/LoadingDockModularSets/TexturedMaterials/WallRight2/TexturedMaterial_Emissive.uasset" 300
"../../../../../Users/Doria/Documents/Unreal Projects/ProjectOrion/Content/Scenes/LoadingDockModularSets/TexturedMaterials/WallRight2/TexturedMaterial_Base_Color.uasset" 301
"../../../../../Users/Doria/Documents/Unreal Projects/ProjectOrion/Content/Scenes/LoadingDockModularSets/TexturedMaterials/WallRight2/WallMat.uasset" 302
"../../../../../Users/Doria/Documents/Unreal Projects/ProjectOrion/Content/Scenes/LoadingDockModularSets/TexturedMaterials/WallRight1/TexturedMaterial_Roughness.uasset" 303
"../../../../../Users/Doria/Documents/Unreal Projects/ProjectOrion/Content/Scenes/LoadingDockModularSets/TexturedMaterials/WallRight1/TexturedMaterial_Normal_DirectX.uasset" 304
"../../../../../Users/Doria/Documents/Unreal Projects/ProjectOrion/Content/Scenes/LoadingDockModularSets/TexturedMaterials/WallRight1/TexturedMaterial_Metallic.uasset" 305
"../../../../../Users/Doria/Documents/Unreal Projects/ProjectOrion/Content/Scenes/LoadingDockModularSets/TexturedMaterials/WallRight1/TexturedMaterial_Emissive.uasset" 306
"../../../../../Users/Doria/Documents/Unreal Projects/ProjectOrion/Content/Scenes/LoadingDockModularSets/TexturedMaterials/WallRight1/TexturedMaterial_Base_Color.uasset" 307
"../../../../../Users/Doria/Documents/Unreal Projects/ProjectOrion/Content/Scenes/LoadingDockModularSets/TexturedMaterials/WallRight1/WallMat.uasset" 308
"../../../../../Users/Doria/Documents/Unreal Projects/ProjectOrion/Content/Scenes/LoadingDockModularSets/TexturedMaterials/WallLeft2/TexturedMaterial_Roughness.uasset" 309
"../../../../../Users/Doria/Documents/Unreal Projects/ProjectOrion/Content/Scenes/LoadingDockModularSets/TexturedMaterials/WallLeft2/TexturedMaterial_Normal_DirectX.uasset" 310
"../../../../../Users/Doria/Documents/Unreal Projects/ProjectOrion/Content/Scenes/LoadingDockModularSets/TexturedMaterials/WallLeft2/TexturedMaterial_Metallic.uasset" 311
"../../../../../Users/Doria/Documents/Unreal Projects/ProjectOrion/Content/Scenes/LoadingDockModularSets/TexturedMaterials/WallLeft2/TexturedMaterial_Emissive.uasset" 312
"../../../../../Users/Doria/Documents/Unreal Projects/ProjectOrion/Content/Scenes/LoadingDockModularSets/TexturedMaterials/WallLeft2/TexturedMaterial_Base_Color.uasset" 313
"../../../../../Users/Doria/Documents/Unreal Projects/ProjectOrion/Content/Scenes/LoadingDockModularSets/TexturedMaterials/WallLeft2/WallMat.uasset" 314
"../../../../../Users/Doria/Documents/Unreal Projects/ProjectOrion/Content/Scenes/LoadingDockModularSets/TexturedMaterials/WallLeft1/TexturedMaterial_Roughness.uasset" 315
"../../../../../Users/Doria/Documents/Unreal Projects/ProjectOrion/Content/Scenes/LoadingDockModularSets/TexturedMaterials/WallLeft1/TexturedMaterial_Normal_DirectX.uasset" 316
"../../../../../Users/Doria/Documents/Unreal Projects/ProjectOrion/Content/Scenes/LoadingDockModularSets/TexturedMaterials/WallLeft1/TexturedMaterial_Metallic.uasset" 317
"../../../../../Users/Doria/Documents/Unreal Projects/ProjectOrion/Content/Scenes/LoadingDockModularSets/TexturedMaterials/WallLeft1/TexturedMaterial_Emissive.uasset" 318
"../../../../../Users/Doria/Documents/Unreal Projects/ProjectOrion/Content/Scenes/LoadingDockModularSets/TexturedMaterials/WallLeft1/TexturedMaterial_Base_Color.uasset" 319
"../../../../../Users/Doria/Documents/Unreal Projects/ProjectOrion/Content/Scenes/LoadingDockModularSets/TexturedMaterials/WallLeft1/WallMat.uasset" 320
"../../../../../Users/Doria/Documents/Unreal Projects/ProjectOrion/Content/Scenes/LoadingDockModularSets/TexturedMaterials/PillarRight/TexturedMaterial_Roughness.uasset" 321
"../../../../../Users/Doria/Documents/Unreal Projects/ProjectOrion/Content/Scenes/LoadingDockModularSets/TexturedMaterials/PillarRight/TexturedMaterial_Normal_DirectX.uasset" 322
"../../../../../Users/Doria/Documents/Unreal Projects/ProjectOrion/Content/Scenes/LoadingDockModularSets/TexturedMaterials/PillarRight/TexturedMaterial_Metallic.uasset" 323
"../../../../../Users/Doria/Documents/Unreal Projects/ProjectOrion/Content/Scenes/LoadingDockModularSets/TexturedMaterials/PillarRight/TexturedMaterial_Base_Color.uasset" 324
"../../../../../Users/Doria/Documents/Unreal Projects/ProjectOrion/Content/Scenes/LoadingDockModularSets/TexturedMaterials/PillarRight/PillarMat.uasset" 325
"../../../../../Users/Doria/Documents/Unreal Projects/ProjectOrion/Content/Scenes/LoadingDockModularSets/TexturedMaterials/PillarLeft/TexturedMaterial_Roughness.uasset" 326
"../../../../../Users/Doria/Documents/Unreal Projects/ProjectOrion/Content/Scenes/LoadingDockModularSets/TexturedMaterials/PillarLeft/TexturedMaterial_Normal_DirectX.uasset" 327
"../../../../../Users/Doria/Documents/Unreal Projects/ProjectOrion/Content/Scenes/LoadingDockModularSets/TexturedMaterials/PillarLeft/TexturedMaterial_Metallic.uasset" 328
"../../../../../Users/Doria/Documents/Unreal Projects/ProjectOrion/Content/Scenes/LoadingDockModularSets/TexturedMaterials/PillarLeft/TexturedMaterial_Base_Color.uasset" 329
"../../../../../Users/Doria/Documents/Unreal Projects/ProjectOrion/Content/Scenes/LoadingDockModularSets/TexturedMaterials/PillarLeft/PillarMat.uasset" 330
"../../../../../Users/Doria/Documents/Unreal Projects/ProjectOrion/Content/Scenes/LoadingDockModularSets/TexturedMaterials/Light/TexturedMaterial_Roughness.uasset" 331
"../../../../../Users/Doria/Documents/Unreal Projects/ProjectOrion/Content/Scenes/LoadingDockModularSets/TexturedMaterials/Light/TexturedMaterial_Normal_DirectX.uasset" 332
"../../../../../Users/Doria/Documents/Unreal Projects/ProjectOrion/Content/Scenes/LoadingDockModularSets/TexturedMaterials/Light/TexturedMaterial_Metallic.uasset" 333
"../../../../../Users/Doria/Documents/Unreal Projects/ProjectOrion/Content/Scenes/LoadingDockModularSets/TexturedMaterials/Light/TexturedMaterial_Emissive.uasset" 334
"../../../../../Users/Doria/Documents/Unreal Projects/ProjectOrion/Content/Scenes/LoadingDockModularSets/TexturedMaterials/Light/TexturedMaterial_Base_Color.uasset" 335
"../../../../../Users/Doria/Documents/Unreal Projects/ProjectOrion/Content/Scenes/LoadingDockModularSets/TexturedMaterials/Light/LightMat.uasset" 336
"../../../../../Users/Doria/Documents/Unreal Projects/ProjectOrion/Content/Scenes/LoadingDockModularSets/TexturedMaterials/Floor/TexturedMaterial_Roughness.uasset" 337
"../../../../../Users/Doria/Documents/Unreal Projects/ProjectOrion/Content/Scenes/LoadingDockModularSets/TexturedMaterials/Floor/TexturedMaterial_Normal_DirectX.uasset" 338
"../../../../../Users/Doria/Documents/Unreal Projects/ProjectOrion/Content/Scenes/LoadingDockModularSets/TexturedMaterials/Floor/TexturedMaterial_Metallic.uasset" 339
"../../../../../Users/Doria/Documents/Unreal Projects/ProjectOrion/Content/Scenes/LoadingDockModularSets/TexturedMaterials/Floor/TexturedMaterial_Base_Color.uasset" 340
"../../../../../Users/Doria/Documents/Unreal Projects/ProjectOrion/Content/Scenes/LoadingDockModularSets/TexturedMaterials/Floor/FloorMat.uasset" 341
"../../../../../Users/Doria/Documents/Unreal Projects/ProjectOrion/Content/Scenes/LoadingDockModularSets/TexturedMaterials/Ceiling/TexturedMaterial_Roughness.uasset" 342
"../../../../../Users/Doria/Documents/Unreal Projects/ProjectOrion/Content/Scenes/LoadingDockModularSets/TexturedMaterials/Ceiling/TexturedMaterial_Normal_DirectX.uasset" 343
"../../../../../Users/Doria/Documents/Unreal Projects/ProjectOrion/Content/Scenes/LoadingDockModularSets/TexturedMaterials/Ceiling/TexturedMaterial_Metallic.uasset" 344
"../../../../../Users/Doria/Documents/Unreal Projects/ProjectOrion/Content/Scenes/LoadingDockModularSets/TexturedMaterials/Ceiling/TexturedMaterial_Base_Color.uasset" 345
"../../../../../Users/Doria/Documents/Unreal Projects/ProjectOrion/Content/Scenes/LoadingDockModularSets/TexturedMaterials/Ceiling/CeilingMat.uasset" 346
"../../../../../Users/Doria/Documents/Unreal Projects/ProjectOrion/Content/Scenes/LoadingDockModularSets/TexturedMaterials/Beam/TexturedMaterial_Roughness.uasset" 347
"../../../../../Users/Doria/Documents/Unreal Projects/ProjectOrion/Content/Scenes/LoadingDockModularSets/TexturedMaterials/Beam/TexturedMaterial_Normal_DirectX.uasset" 348
"../../../../../Users/Doria/Documents/Unreal Projects/ProjectOrion/Content/Scenes/LoadingDockModularSets/TexturedMaterials/Beam/TexturedMaterial_Metallic.uasset" 349
"../../../../../Users/Doria/Documents/Unreal Projects/ProjectOrion/Content/Scenes/LoadingDockModularSets/TexturedMaterials/Beam/TexturedMaterial_Base_Color.uasset" 350
"../../../../../Users/Doria/Documents/Unreal Projects/ProjectOrion/Content/Scenes/LoadingDockModularSets/TexturedMaterials/Beam/BeamMat.uasset" 351
"../../../../../Users/Doria/Documents/Unreal Projects/ProjectOrion/Content/Scenes/LoadingDockModularSets/DoorWalls/DoorWallRight2.uasset" 352
"../../../../../Users/Doria/Documents/Unreal Projects/ProjectOrion/Content/Scenes/LoadingDockModularSets/DoorWalls/DoorWallRight1.uasset" 353
"../../../../../Users/Doria/Documents/Unreal Projects/ProjectOrion/Content/Scenes/LoadingDockModularSets/DoorWalls/DoorWallLeft2.uasset" 354
"../../../../../Users/Doria/Documents/Unreal Projects/ProjectOrion/Content/Scenes/LoadingDockModularSets/TexturedMaterials/DoorWallRight2/TexturedMaterial_Roughness.uasset" 355
"../../../../../Users/Doria/Documents/Unreal Projects/ProjectOrion/Content/Scenes/LoadingDockModularSets/TexturedMaterials/DoorWallRight2/TexturedMaterial_Normal_DirectX.uasset" 356
"../../../../../Users/Doria/Documents/Unreal Projects/ProjectOrion/Content/Scenes/LoadingDockModularSets/TexturedMaterials/DoorWallRight2/TexturedMaterial_Metallic.uasset" 357
"../../../../../Users/Doria/Documents/Unreal Projects/ProjectOrion/Content/Scenes/LoadingDockModularSets/TexturedMaterials/DoorWallRight2/TexturedMaterial_Base_Color.uasset" 358
"../../../../../Users/Doria/Documents/Unreal Projects/ProjectOrion/Content/Scenes/LoadingDockModularSets/TexturedMaterials/DoorWallRight2/DoorWallMat.uasset" 359
"../../../../../Users/Doria/Documents/Unreal Projects/ProjectOrion/Content/Scenes/LoadingDockModularSets/TexturedMaterials/DoorWallRight1/TexturedMaterial_Roughness.uasset" 360
"../../../../../Users/Doria/Documents/Unreal Projects/ProjectOrion/Content/Scenes/LoadingDockModularSets/TexturedMaterials/DoorWallRight1/TexturedMaterial_Normal_DirectX.uasset" 361
"../../../../../Users/Doria/Documents/Unreal Projects/ProjectOrion/Content/Scenes/LoadingDockModularSets/TexturedMaterials/DoorWallRight1/TexturedMaterial_Metallic.uasset" 362
"../../../../../Users/Doria/Documents/Unreal Projects/ProjectOrion/Content/Scenes/LoadingDockModularSets/TexturedMaterials/DoorWallRight1/TexturedMaterial_Base_Color.uasset" 363
"../../../../../Users/Doria/Documents/Unreal Projects/ProjectOrion/Content/Scenes/LoadingDockModularSets/TexturedMaterials/DoorWallRight1/DoorWallMat.uasset" 364
"../../../../../Users/Doria/Documents/Unreal Projects/ProjectOrion/Content/Scenes/LoadingDockModularSets/TexturedMaterials/DoorWallLeft2/TexturedMaterial_Roughness.uasset" 365
"../../../../../Users/Doria/Documents/Unreal Projects/ProjectOrion/Content/Scenes/LoadingDockModularSets/TexturedMaterials/DoorWallLeft2/TexturedMaterial_Normal_DirectX.uasset" 366
"../../../../../Users/Doria/Documents/Unreal Projects/ProjectOrion/Content/Scenes/LoadingDockModularSets/TexturedMaterials/DoorWallLeft2/TexturedMaterial_Metallic.uasset" 367
"../../../../../Users/Doria/Documents/Unreal Projects/ProjectOrion/Content/Scenes/LoadingDockModularSets/TexturedMaterials/DoorWallLeft2/TexturedMaterial_Base_Color.uasset" 368
"../../../../../Users/Doria/Documents/Unreal Projects/ProjectOrion/Content/Scenes/LoadingDockModularSets/TexturedMaterials/DoorWallLeft2/DoorWallMat.uasset" 369
"../../../../../Users/Doria/Documents/Unreal Projects/ProjectOrion/Content/Scenes/LoadingDockModularSets/TexturedMaterials/DoorWallLeft1/TexturedMaterial_Roughness.uasset" 370
"../../../../../Users/Doria/Documents/Unreal Projects/ProjectOrion/Content/Scenes/LoadingDockModularSets/TexturedMaterials/DoorWallLeft1/TexturedMaterial_Normal_DirectX.uasset" 371
"../../../../../Users/Doria/Documents/Unreal Projects/ProjectOrion/Content/Scenes/LoadingDockModularSets/TexturedMaterials/DoorWallLeft1/TexturedMaterial_Metallic.uasset" 372
"../../../../../Users/Doria/Documents/Unreal Projects/ProjectOrion/Content/Scenes/LoadingDockModularSets/TexturedMaterials/DoorWallLeft1/TexturedMaterial_Base_Color.uasset" 373
"../../../../../Users/Doria/Documents/Unreal Projects/ProjectOrion/Content/Scenes/LoadingDockModularSets/TexturedMaterials/DoorWallLeft1/DoorWallMat.uasset" 374
"../../../../../Users/Doria/Documents/Unreal Projects/ProjectOrion/Content/Scenes/LoadingDockModularSets/DoorWalls/DoorWallLeft1.uasset" 375
"../../../../../Users/Doria/Documents/Unreal Projects/ProjectOrion/Content/Scenes/JamesTestScene_BuiltData.uasset" 376
"../../../../../Users/Doria/Documents/Unreal Projects/ProjectOrion/Content/Scenes/JamesTestScene.umap" 377
"../../../../../Users/Doria/Documents/Unreal Projects/ProjectOrion/Content/Scenes/JamesTestSceneDorisInput_BuiltData.uasset" 378
"../../../../../Users/Doria/Documents/Unreal Projects/ProjectOrion/Content/Scenes/JamesTestSceneDorisInput.umap" 379
"../../../../../Users/Doria/Documents/Unreal Projects/ProjectOrion/Content/Models/CorridorModularSets/X_JunctionCorridor/X_junction_corridor.uasset" 380
"../../../../../Users/Doria/Documents/Unreal Projects/ProjectOrion/Content/Models/CorridorModularSets/X_JunctionCorridor/X_junction_LP_lambert1_Roughness.uasset" 381
"../../../../../Users/Doria/Documents/Unreal Projects/ProjectOrion/Content/Models/CorridorModularSets/X_JunctionCorridor/X_junction_LP_lambert1_Normal.uasset" 382
"../../../../../Users/Doria/Documents/Unreal Projects/ProjectOrion/Content/Models/CorridorModularSets/X_JunctionCorridor/X_junction_LP_lambert1_Metallic.uasset" 383
"../../../../../Users/Doria/Documents/Unreal Projects/ProjectOrion/Content/Models/CorridorModularSets/X_JunctionCorridor/X_junction_LP_lambert1_Height.uasset" 384
"../../../../../Users/Doria/Documents/Unreal Projects/ProjectOrion/Content/Models/CorridorModularSets/X_JunctionCorridor/X_junction_LP_lambert1_BaseColor.uasset" 385
"../../../../../Users/Doria/Documents/Unreal Projects/ProjectOrion/Content/Models/CorridorModularSets/X_JunctionCorridor/XJunctionMaterial.uasset" 386
"../../../../../Users/Doria/Documents/Unreal Projects/ProjectOrion/Content/Models/CorridorModularSets/T_JunctionCorridor/T_junction_corridor.uasset" 387
"../../../../../Users/Doria/Documents/Unreal Projects/ProjectOrion/Content/Models/CorridorModularSets/T_JunctionCorridor/T_junction_LP_lambert1_Roughness.uasset" 388
"../../../../../Users/Doria/Documents/Unreal Projects/ProjectOrion/Content/Models/CorridorModularSets/T_JunctionCorridor/T_junction_LP_lambert1_Normal.uasset" 389
"../../../../../Users/Doria/Documents/Unreal Projects/ProjectOrion/Content/Models/CorridorModularSets/T_JunctionCorridor/T_junction_LP_lambert1_Metallic.uasset" 390
"../../../../../Users/Doria/Documents/Unreal Projects/ProjectOrion/Content/Models/CorridorModularSets/T_JunctionCorridor/T_junction_LP_lambert1_Height.uasset" 391
"../../../../../Users/Doria/Documents/Unreal Projects/ProjectOrion/Content/Models/CorridorModularSets/T_JunctionCorridor/T_junction_LP_lambert1_BaseColor.uasset" 392
"../../../../../Users/Doria/Documents/Unreal Projects/ProjectOrion/Content/Models/CorridorModularSets/T_JunctionCorridor/TJunctionMaterial.uasset" 393
"../../../../../Users/Doria/Documents/Unreal Projects/ProjectOrion/Content/Materials/Debug/Invisible.uasset" 394
"../../../../../Users/Doria/Documents/Unreal Projects/ProjectOrion/Content/Merged/T_junction_corridor.uasset" 395
"../../../../../Users/Doria/Documents/Unreal Projects/ProjectOrion/Content/Models/CorridorModularSets/StraightCorridor/Straight_corridor.uasset" 396
"../../../../../Users/Doria/Documents/Unreal Projects/ProjectOrion/Content/Models/CorridorModularSets/StraightCorridor/Straight_LP_lambert1_Roughness.uasset" 397
"../../../../../Users/Doria/Documents/Unreal Projects/ProjectOrion/Content/Models/CorridorModularSets/StraightCorridor/Straight_LP_lambert1_Normal.uasset" 398
"../../../../../Users/Doria/Documents/Unreal Projects/ProjectOrion/Content/Models/CorridorModularSets/StraightCorridor/Straight_LP_lambert1_Metallic.uasset" 399
"../../../../../Users/Doria/Documents/Unreal Projects/ProjectOrion/Content/Models/CorridorModularSets/StraightCorridor/Straight_LP_lambert1_Height.uasset" 400
"../../../../../Users/Doria/Documents/Unreal Projects/ProjectOrion/Content/Models/CorridorModularSets/StraightCorridor/Straight_LP_lambert1_BaseColor.uasset" 401
"../../../../../Users/Doria/Documents/Unreal Projects/ProjectOrion/Content/Models/CorridorModularSets/StraightCorridor/StraightMaterial.uasset" 402
"../../../../../Users/Doria/Documents/Unreal Projects/ProjectOrion/Content/Models/PlantRoomAssets/PlantWall/Plant_wall.uasset" 403
"../../../../../Users/Doria/Documents/Unreal Projects/ProjectOrion/Content/Models/PlantRoomAssets/PlantBed/Plant_bed.uasset" 404
"../../../../../Users/Doria/Documents/Unreal Projects/ProjectOrion/Content/Models/PlantRoomAssets/Flooring/Floor.uasset" 405
"../../../../../Users/Doria/Documents/Unreal Projects/ProjectOrion/Content/Models/PlantRoomAssets/ExtractorFanWall/Extractor_fan_wall.uasset" 406
"../../../../../Users/Doria/Documents/Unreal Projects/ProjectOrion/Content/Models/PlantRoomAssets/Doorway/Doorway.uasset" 407
"../../../../../Users/Doria/Documents/Unreal Projects/ProjectOrion/Content/Models/PlantRoomAssets/PlantWall/Plant_wall_lambert1_Roughness.uasset" 408
"../../../../../Users/Doria/Documents/Unreal Projects/ProjectOrion/Content/Models/PlantRoomAssets/PlantWall/Plant_wall_lambert1_Normal.uasset" 409
"../../../../../Users/Doria/Documents/Unreal Projects/ProjectOrion/Content/Models/PlantRoomAssets/PlantWall/Plant_wall_lambert1_Metallic.uasset" 410
"../../../../../Users/Doria/Documents/Unreal Projects/ProjectOrion/Content/Models/PlantRoomAssets/PlantWall/Plant_wall_lambert1_Height.uasset" 411
"../../../../../Users/Doria/Documents/Unreal Projects/ProjectOrion/Content/Models/PlantRoomAssets/PlantWall/Plant_wall_lambert1_BaseColor.uasset" 412
"../../../../../Users/Doria/Documents/Unreal Projects/ProjectOrion/Content/Models/PlantRoomAssets/PlantWall/PlantWallMaterial.uasset" 413
"../../../../../Users/Doria/Documents/Unreal Projects/ProjectOrion/Content/Models/PlantRoomAssets/PlantBed/PLant_bed_2_lambert1_Roughness.uasset" 414
"../../../../../Users/Doria/Documents/Unreal Projects/ProjectOrion/Content/Models/PlantRoomAssets/PlantBed/PLant_bed_2_lambert1_Normal.uasset" 415
"../../../../../Users/Doria/Documents/Unreal Projects/ProjectOrion/Content/Models/PlantRoomAssets/PlantBed/PLant_bed_2_lambert1_Metallic.uasset" 416
"../../../../../Users/Doria/Documents/Unreal Projects/ProjectOrion/Content/Models/PlantRoomAssets/PlantBed/PLant_bed_2_lambert1_Height.uasset" 417
"../../../../../Users/Doria/Documents/Unreal Projects/ProjectOrion/Content/Models/PlantRoomAssets/PlantBed/PLant_bed_2_lambert1_BaseColor.uasset" 418
"../../../../../Users/Doria/Documents/Unreal Projects/ProjectOrion/Content/Models/PlantRoomAssets/PlantBed/PlantBedMaterial.uasset" 419
"../../../../../Users/Doria/Documents/Unreal Projects/ProjectOrion/Content/Models/PlantRoomAssets/Flooring/Plant_room_floor_lambert1_Roughness.uasset" 420
"../../../../../Users/Doria/Documents/Unreal Projects/ProjectOrion/Content/Models/PlantRoomAssets/Flooring/Plant_room_floor_lambert1_Normal.uasset" 421
"../../../../../Users/Doria/Documents/Unreal Projects/ProjectOrion/Content/Models/PlantRoomAssets/Flooring/Plant_room_floor_lambert1_Metallic.uasset" 422
"../../../../../Users/Doria/Documents/Unreal Projects/ProjectOrion/Content/Models/PlantRoomAssets/Flooring/Plant_room_floor_lambert1_Height.uasset" 423
"../../../../../Users/Doria/Documents/Unreal Projects/ProjectOrion/Content/Models/PlantRoomAssets/Flooring/Plant_room_floor_lambert1_BaseColor.uasset" 424
"../../../../../Users/Doria/Documents/Unreal Projects/ProjectOrion/Content/Models/PlantRoomAssets/Flooring/FloorMaterial.uasset" 425
"../../../../../Users/Doria/Documents/Unreal Projects/ProjectOrion/Content/Models/PlantRoomAssets/ExtractorFanWall/Extractor_fan_wall_lambert1_Roughness.uasset" 426
"../../../../../Users/Doria/Documents/Unreal Projects/ProjectOrion/Content/Models/PlantRoomAssets/ExtractorFanWall/Extractor_fan_wall_lambert1_Normal.uasset" 427
"../../../../../Users/Doria/Documents/Unreal Projects/ProjectOrion/Content/Models/PlantRoomAssets/ExtractorFanWall/Extractor_fan_wall_lambert1_Metallic.uasset" 428
"../../../../../Users/Doria/Documents/Unreal Projects/ProjectOrion/Content/Models/PlantRoomAssets/ExtractorFanWall/Extractor_fan_wall_lambert1_Height.uasset" 429
"../../../../../Users/Doria/Documents/Unreal Projects/ProjectOrion/Content/Models/PlantRoomAssets/ExtractorFanWall/Extractor_fan_wall_lambert1_BaseColor.uasset" 430
"../../../../../Users/Doria/Documents/Unreal Projects/ProjectOrion/Content/Models/PlantRoomAssets/ExtractorFanWall/ExtractorFanMaterial.uasset" 431
"../../../../../Users/Doria/Documents/Unreal Projects/ProjectOrion/Content/Models/PlantRoomAssets/Doorway/Plant_room_doorway_lambert1_Roughness.uasset" 432
"../../../../../Users/Doria/Documents/Unreal Projects/ProjectOrion/Content/Models/PlantRoomAssets/Doorway/Plant_room_doorway_lambert1_Normal.uasset" 433
"../../../../../Users/Doria/Documents/Unreal Projects/ProjectOrion/Content/Models/PlantRoomAssets/Doorway/Plant_room_doorway_lambert1_Metallic.uasset" 434
"../../../../../Users/Doria/Documents/Unreal Projects/ProjectOrion/Content/Models/PlantRoomAssets/Doorway/Plant_room_doorway_lambert1_Height.uasset" 435
"../../../../../Users/Doria/Documents/Unreal Projects/ProjectOrion/Content/Models/PlantRoomAssets/Doorway/Plant_room_doorway_lambert1_BaseColor.uasset" 436
"../../../../../Users/Doria/Documents/Unreal Projects/ProjectOrion/Content/Models/PlantRoomAssets/Doorway/DoorwayMaterial.uasset" 437
"../../../../../Users/Doria/Documents/Unreal Projects/ProjectOrion/Content/Merged/PlantRoomB.uasset" 438
"../../../../../Users/Doria/Documents/Unreal Projects/ProjectOrion/Content/Merged/PlantRoomA.uasset" 439
"../../../../../Users/Doria/Documents/Unreal Projects/ProjectOrion/Content/Models/CorridorModularSets/CornerCorridor/Corner_corridor.uasset" 440
"../../../../../Users/Doria/Documents/Unreal Projects/ProjectOrion/Content/Models/CorridorModularSets/CornerCorridor/Corner_LP_lambert1_Roughness.uasset" 441
"../../../../../Users/Doria/Documents/Unreal Projects/ProjectOrion/Content/Models/CorridorModularSets/CornerCorridor/Corner_LP_lambert1_Normal.uasset" 442
"../../../../../Users/Doria/Documents/Unreal Projects/ProjectOrion/Content/Models/CorridorModularSets/CornerCorridor/Corner_LP_lambert1_Metallic.uasset" 443
"../../../../../Users/Doria/Documents/Unreal Projects/ProjectOrion/Content/Models/CorridorModularSets/CornerCorridor/Corner_LP_lambert1_Height.uasset" 444
"../../../../../Users/Doria/Documents/Unreal Projects/ProjectOrion/Content/Models/CorridorModularSets/CornerCorridor/Corner_LP_lambert1_BaseColor.uasset" 445
"../../../../../Users/Doria/Documents/Unreal Projects/ProjectOrion/Content/Models/CorridorModularSets/CornerCorridor/CornerMaterial.uasset" 446
"../../../../../Users/Doria/Documents/Unreal Projects/ProjectOrion/Content/Scenes/Jodies_BuiltData.uasset" 447
"../../../../../Users/Doria/Documents/Unreal Projects/ProjectOrion/Content/Scenes/Jodies.umap" 448
"../../../../../Users/Doria/Documents/Unreal Projects/ProjectOrion/Content/Debug/DEBUG_example1.uasset" 449
"../../../../../Users/Doria/Documents/Unreal Projects/ProjectOrion/Content/Debug/DEBUG_example2.uasset" 450
"../../../../../Users/Doria/Documents/Unreal Projects/ProjectOrion/Content/Scenes/MechTestLevel_BuiltData.uasset" 451
"../../../Engine/Content/BasicShapes/Plane.uasset" 452
"../../../../../Users/Doria/Documents/Unreal Projects/ProjectOrion/Content/Materials/Debug/debugmat1.uasset" 453
"../../../../../Users/Doria/Documents/Unreal Projects/ProjectOrion/Content/Systems/ResourceSpawnPoint.uasset" 454
"../../../../../Users/Doria/Documents/Unreal Projects/ProjectOrion/Content/Systems/ResourceTypes.uasset" 455
"../../../../../Users/Doria/Documents/Unreal Projects/ProjectOrion/Content/Systems/RandomLootStruct.uasset" 456
"../../../../../Users/Doria/Documents/Unreal Projects/ProjectOrion/Content/Models/DebugNplaceholders/PickupT1.uasset" 457
"../../../../../Users/Doria/Documents/Unreal Projects/ProjectOrion/Content/Blueprints/InteractiveObjects/ResourcePickup.uasset" 458
"../../../../../Users/Doria/Documents/Unreal Projects/ProjectOrion/Content/Systems/RandomLootManager.uasset" 459
"../../../../../Users/Doria/Documents/Unreal Projects/ProjectOrion/Content/Blueprints/InteractiveObjects/ResourceSafe.uasset" 460
"../../../../../Users/Doria/Documents/Unreal Projects/ProjectOrion/Content/Models/DebugNplaceholders/GunPlcHldr.uasset" 461
"../../../../../Users/Doria/Documents/Unreal Projects/ProjectOrion/Content/Models/DebugNplaceholders/DEBUGgadget_1.uasset" 462
"../../../../../Users/Doria/Documents/Unreal Projects/ProjectOrion/Content/Debug/DEBUGTESTlight.uasset" 463
"../../../../../Users/Doria/Documents/Unreal Projects/ProjectOrion/Content/Blueprints/InteractiveObjects/KeyObject.uasset" 464
"../../../../../Users/Doria/Documents/Unreal Projects/ProjectOrion/Content/Materials/Debug/Red-y_glow-y.uasset" 465
"../../../../../Users/Doria/Documents/Unreal Projects/ProjectOrion/Content/Blueprints/InteractiveObjects/ActivatableButton.uasset" 466
"../../../../../Users/Doria/Documents/Unreal Projects/ProjectOrion/Content/Scenes/MechTestLevel.umap" 467
"../../../../../Users/Doria/Documents/Unreal Projects/ProjectOrion/Content/StarSphere/Textures/T_StarsPoints.uasset" 468
"../../../../../Users/Doria/Documents/Unreal Projects/ProjectOrion/Content/StarSphere/Textures/T_StarsBig.uasset" 469
"../../../../../Users/Doria/Documents/Unreal Projects/ProjectOrion/Content/StarSphere/Textures/T_Nebulas.uasset" 470
"../../../../../Users/Doria/Documents/Unreal Projects/ProjectOrion/Content/Scenes/MissionArea1_BuiltData.uasset" 471
"../../../../../Users/Doria/Documents/Unreal Projects/ProjectOrion/Content/StarSphere/Textures/T_Saturn.uasset" 472
"../../../../../Users/Doria/Documents/Unreal Projects/ProjectOrion/Content/StarSphere/Materials/MF_StarSphereDecal.uasset" 473
"../../../../../Users/Doria/Documents/Unreal Projects/ProjectOrion/Content/StarSphere/Materials/M_StarSphere.uasset" 474
"../../../../../Users/Doria/Documents/Unreal Projects/ProjectOrion/Content/StarSphere/Materials/MI_StarSphere.uasset" 475
"../../../../../Users/Doria/Documents/Unreal Projects/ProjectOrion/Content/StarSphere/Meshes/SM_StarSphere.uasset" 476
"../../../../../Users/Doria/Documents/Unreal Projects/ProjectOrion/Content/StarSphere/Textures/T_BlackHole.uasset" 477
"../../../../../Users/Doria/Documents/Unreal Projects/ProjectOrion/Content/StarSphere/Materials/M_StarSphereDynamic.uasset" 478
"../../../../../Users/Doria/Documents/Unreal Projects/ProjectOrion/Content/StarSphere/Materials/MI_StarSphereDynamic.uasset" 479
"../../../../../Users/Doria/Documents/Unreal Projects/ProjectOrion/Content/StarSphere/Blueprints/BP_StarSphereDynamic.uasset" 480
"../../../../../Users/Doria/Documents/Unreal Projects/ProjectOrion/Content/Merged/X_junction_corridor.uasset" 481
"../../../../../Users/Doria/Documents/Unreal Projects/ProjectOrion/Content/Merged/Straight_corridor.uasset" 482
"../../../../../Users/Doria/Documents/Unreal Projects/ProjectOrion/Content/Merged/HangarBay.uasset" 483
"../../../../../Users/Doria/Documents/Unreal Projects/ProjectOrion/Content/Merged/Corner_corridor.uasset" 484
"../../../../../Users/Doria/Documents/Unreal Projects/ProjectOrion/Content/Scenes/MissionArea1.umap" 485
"../../../Engine/Content/BasicShapes/Sphere.uasset" 486
"../../../../../Users/Doria/Documents/Unreal Projects/ProjectOrion/Content/StarSphere/Textures/T_PlanetVenusSurface.uasset" 487
"../../../../../Users/Doria/Documents/Unreal Projects/ProjectOrion/Content/StarSphere/Textures/T_PlanetVenusLights.uasset" 488
"../../../../../Users/Doria/Documents/Unreal Projects/ProjectOrion/Content/StarSphere/Textures/T_PlanetVenusClouds.uasset" 489
"../../../../../Users/Doria/Documents/Unreal Projects/ProjectOrion/Content/StarSphere/Materials/MI_PlanetVenusSurface.uasset" 490
"../../../../../Users/Doria/Documents/Unreal Projects/ProjectOrion/Content/StarSphere/Textures/T_PlanetMarsSurface.uasset" 491
"../../../../../Users/Doria/Documents/Unreal Projects/ProjectOrion/Content/StarSphere/Textures/T_PlanetMarsLights.uasset" 492
"../../../../../Users/Doria/Documents/Unreal Projects/ProjectOrion/Content/StarSphere/Textures/T_PlanetEarthClouds.uasset" 493
"../../../../../Users/Doria/Documents/Unreal Projects/ProjectOrion/Content/StarSphere/Materials/MI_PlanetMarsSurface.uasset" 494
"../../../../../Users/Doria/Documents/Unreal Projects/ProjectOrion/Content/Scenes/SpaceshipBase_BuiltData.uasset" 495
"../../../../../Users/Doria/Documents/Unreal Projects/ProjectOrion/Content/StarSphere/Blueprints/BP_StarSphere.uasset" 496
"../../../../../Users/Doria/Documents/Unreal Projects/ProjectOrion/Content/Systems/StoryTrigger.uasset" 497
"../../../../../Users/Doria/Documents/Unreal Projects/ProjectOrion/Content/Materials/Debug/screenBlack.uasset" 498
"../../../../../Users/Doria/Documents/Unreal Projects/ProjectOrion/Content/Materials/Debug/reflective.uasset" 499
"../../../../../Users/Doria/Documents/Unreal Projects/ProjectOrion/Content/Blueprints/InteractiveObjects/Trigger.uasset" 500
"../../../../../Users/Doria/Documents/Unreal Projects/ProjectOrion/Content/Scenes/SpaceshipBase.umap" 501
"../../../../../Users/Doria/Documents/Unreal Projects/ProjectOrion/Content/StarSphere/Materials/Mobile/M_StarSphere_Mobile.uasset" 502
"../../../../../Users/Doria/Documents/Unreal Projects/ProjectOrion/Content/StarSphere/Materials/Mobile/MI_StarSphere_Mobile.uasset" 503
"../../../../../Users/Doria/Documents/Unreal Projects/ProjectOrion/Content/StarSphere/Maps/Mobile.umap" 504
"../../../../../Users/Doria/Documents/Unreal Projects/ProjectOrion/Content/StarSphere/Materials/MI_StarSpherePlanet.uasset" 505
"../../../../../Users/Doria/Documents/Unreal Projects/ProjectOrion/Content/StarSphere/Textures/T_PlanetEarthSurface.uasset" 506
"../../../../../Users/Doria/Documents/Unreal Projects/ProjectOrion/Content/StarSphere/Textures/T_PlanetEarthLights.uasset" 507
"../../../../../Users/Doria/Documents/Unreal Projects/ProjectOrion/Content/StarSphere/Materials/MI_PlanetEarthSurface.uasset" 508
"../../../../../Users/Doria/Documents/Unreal Projects/ProjectOrion/Content/StarSphere/Materials/M_PlanetAtmosphere.uasset" 509
"../../../../../Users/Doria/Documents/Unreal Projects/ProjectOrion/Content/StarSphere/Materials/MI_PlanetAtmosphere.uasset" 510
"../../../../../Users/Doria/Documents/Unreal Projects/ProjectOrion/Content/StarSphere/Meshes/SM_Planet.uasset" 511
"../../../../../Users/Doria/Documents/Unreal Projects/ProjectOrion/Content/StarSphere/Blueprints/BP_Planet.uasset" 512
"../../../../../Users/Doria/Documents/Unreal Projects/ProjectOrion/Content/StarSphere/Blueprints/BP_6DoFCamera.uasset" 513
"../../../../../Users/Doria/Documents/Unreal Projects/ProjectOrion/Content/StarSphere/Maps/PlanetEarth.umap" 514
"../../../../../Users/Doria/Documents/Unreal Projects/ProjectOrion/Content/StarSphere/Materials/MI_PlanetMarsAtmosphere.uasset" 515
"../../../../../Users/Doria/Documents/Unreal Projects/ProjectOrion/Content/StarSphere/Maps/PlanetMars.umap" 516
"../../../../../Users/Doria/Documents/Unreal Projects/ProjectOrion/Content/StarSphere/Materials/MI_PlanetVenusAtmosphere.uasset" 517
"../../../../../Users/Doria/Documents/Unreal Projects/ProjectOrion/Content/StarSphere/Maps/PlanetVenus.umap" 518
"../../../Engine/Content/Functions/Engine_MaterialFunctions01/Density/ExponentialDensity.uasset" 519
"../../../Engine/Content/Functions/Engine_MaterialFunctions01/Gradient/RadialGradientExponential.uasset" 520
"../../../../../Users/Doria/Documents/Unreal Projects/ProjectOrion/Content/StarSphere/Materials/M_SpaceDust.uasset" 521
"../../../../../Users/Doria/Documents/Unreal Projects/ProjectOrion/Content/StarSphere/Particles/PS_SpaceDust.uasset" 522
"../../../../../Users/Doria/Documents/Unreal Projects/ProjectOrion/Content/StarSphere/Blueprints/BP_SpaceDust.uasset" 523
"../../../../../Users/Doria/Documents/Unreal Projects/ProjectOrion/Content/StarSphere/Maps/SpaceDust.umap" 524
"../../../../../Users/Doria/Documents/Unreal Projects/ProjectOrion/Content/StarSphere/Maps/StarSphere.umap" 525
"../../../../../Users/Doria/Documents/Unreal Projects/ProjectOrion/Content/StarSphere/Maps/StarSphereDynamic.umap" 526
"../../../Engine/Content/Maps/Entry_BuiltData.uasset" 527
"../../../Engine/Content/Maps/Entry.umap" 528
